<?xml version="1.0" encoding="UTF-8"?>
<!-- Generated by org.testng.reporters.JUnitXMLReporter -->
<testsuite ignored="0" hostname="LTIN508068" failures="0" tests="10" name="Default test" time="0.147" errors="0" timestamp="2024-04-15T14:11:17 IST">
  <testcase classname="testBase.BaseClass" name="@BeforeClass setup" time="-1.713170477076E9">
    <failure type="org.testng.TestNGException" message="
Parameter &amp;apos;browser&amp;apos; is required by BeforeClass on method setup but has not been marked @Optional or defined
in C:\Users\2327238\AppData\Local\Temp\testng-eclipse-2086046635\testng-customsuite.xml">
      <![CDATA[org.testng.TestNGException: 
Parameter 'browser' is required by BeforeClass on method setup but has not been marked @Optional or defined
in C:\Users\2327238\AppData\Local\Temp\testng-eclipse-2086046635\testng-customsuite.xml
at org.testng.internal.Parameters.createParams(Parameters.java:267)
at org.testng.internal.Parameters.createParametersForMethod(Parameters.java:355)
at org.testng.internal.Parameters.createParameters(Parameters.java:693)
at org.testng.internal.Parameters.createConfigurationParameters(Parameters.java:166)
at org.testng.internal.invokers.ConfigInvoker.invokeConfigurations(ConfigInvoker.java:306)
at org.testng.internal.invokers.TestMethodWorker.invokeBeforeClassMethods(TestMethodWorker.java:180)
at org.testng.internal.invokers.TestMethodWorker.run(TestMethodWorker.java:122)
at java.base/java.util.ArrayList.forEach(ArrayList.java:1511)
at org.testng.TestRunner.privateRun(TestRunner.java:819)
at org.testng.TestRunner.run(TestRunner.java:619)
at org.testng.SuiteRunner.runTest(SuiteRunner.java:443)
at org.testng.SuiteRunner.runSequentially(SuiteRunner.java:437)
at org.testng.SuiteRunner.privateRun(SuiteRunner.java:397)
at org.testng.SuiteRunner.run(SuiteRunner.java:336)
at org.testng.SuiteRunnerWorker.runSuite(SuiteRunnerWorker.java:52)
at org.testng.SuiteRunnerWorker.run(SuiteRunnerWorker.java:95)
at org.testng.TestNG.runSuitesSequentially(TestNG.java:1301)
at org.testng.TestNG.runSuitesLocally(TestNG.java:1228)
at org.testng.TestNG.runSuites(TestNG.java:1134)
at org.testng.TestNG.run(TestNG.java:1101)
at org.testng.remote.AbstractRemoteTestNG.run(AbstractRemoteTestNG.java:115)
at org.testng.remote.RemoteTestNG.initAndRun(RemoteTestNG.java:251)
at org.testng.remote.RemoteTestNG.main(RemoteTestNG.java:77)
]]>
    </failure>
  </testcase> <!-- @BeforeClass setup -->
  <testcase classname="testBase.BaseClass" name="@AfterClass tearDown" time="0.0">
    <skipped/>
  </testcase> <!-- @AfterClass tearDown -->
  <testcase classname="testScenario.TC_HotelsPage" name="clickonHotelsTestCase" time="0.0">
    <skipped/>
  </testcase> <!-- clickonHotelsTestCase -->
  <testcase classname="testScenario.TC_HotelsPage" name="selectCityTestCase" time="0.0">
    <skipped/>
  </testcase> <!-- selectCityTestCase -->
  <testcase classname="testScenario.TC_HotelsPage" name="selectCheckoutDateTestCase" time="0.0">
    <skipped/>
  </testcase> <!-- selectCheckoutDateTestCase -->
  <testcase classname="testScenario.TC_HotelsPage" name="clickonTravellerDropDownTestCase" time="0.0">
    <skipped/>
  </testcase> <!-- clickonTravellerDropDownTestCase -->
  <testcase classname="testScenario.TC_HotelsPage" name="addTravellersTestCase" time="0.0">
    <skipped/>
  </testcase> <!-- addTravellersTestCase -->
  <testcase classname="testScenario.TC_HotelsPage" name="clickonSearchButtonTestCase" time="0.0">
    <skipped/>
  </testcase> <!-- clickonSearchButtonTestCase -->
  <testcase classname="testScenario.TC_HotelsPage" name="clickonUserRatingTestCase" time="0.0">
    <skipped/>
  </testcase> <!-- clickonUserRatingTestCase -->
  <testcase classname="testScenario.TC_HotelsPage" name="selectAllAminitiesTestCase" time="0.0">
    <skipped/>
  </testcase> <!-- selectAllAminitiesTestCase -->
  <testcase classname="testScenario.TC_HotelsPage" name="displayHotelNamesAndPricesTestCase" time="0.0">
    <skipped/>
  </testcase> <!-- displayHotelNamesAndPricesTestCase -->
  <testcase classname="testScenario.TC_HotelsPage" name="navigateHomepageTestCase" time="0.0">
    <skipped/>
  </testcase> <!-- navigateHomepageTestCase -->
</testsuite> <!-- Default test -->
